2024-12-13 16:18:22,366 INFO: Cigarette Tracker startup [in C:\WebDev\CTF\app.py:36]
2024-12-13 16:18:22,404 INFO: Database initialized successfully [in C:\WebDev\CTF\app.py:44]
2024-12-13 16:18:22,424 INFO: Database tables created successfully [in C:\WebDev\CTF\app.py:53]
2024-12-13 16:31:50,342 INFO: Cigarette Tracker startup [in C:\WebDev\CTF\app.py:36]
2024-12-13 16:31:50,365 INFO: Database initialized successfully [in C:\WebDev\CTF\app.py:44]
2024-12-13 16:31:50,370 INFO: Database tables created successfully [in C:\WebDev\CTF\app.py:53]
2024-12-13 16:31:58,146 INFO: Cigarette Tracker startup [in C:\WebDev\CTF\app.py:36]
2024-12-13 16:31:58,171 INFO: Database initialized successfully [in C:\WebDev\CTF\app.py:44]
2024-12-13 16:31:58,175 INFO: Database tables created successfully [in C:\WebDev\CTF\app.py:53]
2024-12-13 16:32:05,187 INFO: Cigarette Tracker startup [in C:\WebDev\CTF\app.py:36]
2024-12-13 16:32:05,215 INFO: Database initialized successfully [in C:\WebDev\CTF\app.py:44]
2024-12-13 16:32:05,219 INFO: Database tables created successfully [in C:\WebDev\CTF\app.py:53]
2024-12-15 20:51:18,079 INFO: Cigarette Tracker startup [in C:\WebDev\CTF\app.py:36]
2024-12-15 20:51:18,141 INFO: Database initialized successfully [in C:\WebDev\CTF\app.py:44]
2024-12-15 20:51:18,157 INFO: Database tables created successfully [in C:\WebDev\CTF\app.py:53]
2024-12-15 20:51:19,118 INFO: Cigarette Tracker startup [in C:\WebDev\CTF\app.py:36]
2024-12-15 20:51:19,143 INFO: Database initialized successfully [in C:\WebDev\CTF\app.py:44]
2024-12-15 20:51:19,147 INFO: Database tables created successfully [in C:\WebDev\CTF\app.py:53]
2024-12-15 20:55:49,256 INFO: Cigarette Tracker startup [in C:\WebDev\CTF\app.py:36]
2024-12-15 20:55:49,285 INFO: Database initialized successfully [in C:\WebDev\CTF\app.py:44]
2024-12-15 20:55:49,290 INFO: Database tables created successfully [in C:\WebDev\CTF\app.py:53]
2024-12-15 20:55:50,403 INFO: Cigarette Tracker startup [in C:\WebDev\CTF\app.py:36]
2024-12-15 20:55:50,438 INFO: Database initialized successfully [in C:\WebDev\CTF\app.py:44]
2024-12-15 20:55:50,444 INFO: Database tables created successfully [in C:\WebDev\CTF\app.py:53]
2024-12-15 20:56:46,991 INFO: Cigarette Tracker startup [in C:\WebDev\CTF\app.py:36]
2024-12-15 20:56:47,016 INFO: Database initialized successfully [in C:\WebDev\CTF\app.py:44]
2024-12-15 20:56:47,019 INFO: Database tables created successfully [in C:\WebDev\CTF\app.py:53]
2024-12-15 20:59:12,887 INFO: Cigarette Tracker startup [in C:\WebDev\CTF\app.py:36]
2024-12-15 20:59:12,916 INFO: Database initialized successfully [in C:\WebDev\CTF\app.py:44]
2024-12-15 20:59:12,920 INFO: Database tables created successfully [in C:\WebDev\CTF\app.py:53]
2024-12-15 21:09:50,627 INFO: Cigarette Tracker startup [in C:\WebDev\CTF\app.py:36]
2024-12-15 21:09:50,652 INFO: Database initialized successfully [in C:\WebDev\CTF\app.py:44]
2024-12-15 21:09:50,655 INFO: Database tables created successfully [in C:\WebDev\CTF\app.py:53]
2024-12-15 21:12:53,654 INFO: Cigarette Tracker startup [in C:\WebDev\CTF\app.py:36]
2024-12-15 21:12:53,688 INFO: Database initialized successfully [in C:\WebDev\CTF\app.py:44]
2024-12-15 21:12:53,691 INFO: Database tables created successfully [in C:\WebDev\CTF\app.py:53]
2024-12-15 21:13:32,448 INFO: Cigarette Tracker startup [in C:\WebDev\CTF\app.py:36]
2024-12-15 21:13:32,515 INFO: Database initialized successfully [in C:\WebDev\CTF\app.py:44]
2024-12-15 21:13:32,538 INFO: Database tables created successfully [in C:\WebDev\CTF\app.py:53]
2024-12-15 21:13:33,862 INFO: Cigarette Tracker startup [in C:\WebDev\CTF\app.py:36]
2024-12-15 21:13:33,895 INFO: Database initialized successfully [in C:\WebDev\CTF\app.py:44]
2024-12-15 21:13:33,898 INFO: Database tables created successfully [in C:\WebDev\CTF\app.py:53]
2024-12-15 21:13:55,437 INFO: Cigarette Tracker startup [in C:\WebDev\CTF\app.py:38]
2024-12-15 21:13:55,463 INFO: Database initialized successfully [in C:\WebDev\CTF\app.py:46]
2024-12-15 21:13:55,467 INFO: Database tables created successfully [in C:\WebDev\CTF\app.py:55]
2024-12-15 21:13:55,911 INFO: 
            Stats for user test1@gmail.com:
            Cigarettes Avoided: 14
            Total Saved: 252.0
            Yearly Projection: 91980.0
             [in C:\WebDev\CTF\app.py:642]
2024-12-15 21:14:21,098 INFO: 
            Stats for user test1@gmail.com:
            Cigarettes Avoided: 14
            Total Saved: 252.0
            Yearly Projection: 91980.0
             [in C:\WebDev\CTF\app.py:642]
2024-12-15 21:14:22,073 INFO: 
            Stats for user test1@gmail.com:
            Cigarettes Avoided: 14
            Total Saved: 252.0
            Yearly Projection: 91980.0
             [in C:\WebDev\CTF\app.py:642]
2024-12-15 21:15:08,820 INFO: 
            Stats for user test1@gmail.com:
            Cigarettes Avoided: 14
            Total Saved: 252.0
            Yearly Projection: 91980.0
             [in C:\WebDev\CTF\app.py:642]
2024-12-15 21:15:59,756 INFO: Cigarette Tracker startup [in C:\WebDev\CTF\app.py:38]
2024-12-15 21:15:59,787 INFO: Database initialized successfully [in C:\WebDev\CTF\app.py:46]
2024-12-15 21:15:59,790 INFO: Database tables created successfully [in C:\WebDev\CTF\app.py:55]
2024-12-15 21:16:05,455 INFO: 
            Stats for user test1@gmail.com:
            Cigarettes Avoided: 14
            Total Saved: 252.0
            Yearly Projection: 91980.0
             [in C:\WebDev\CTF\app.py:630]
2024-12-15 21:16:43,178 INFO: 
            Stats for user test1@gmail.com:
            Cigarettes Avoided: 14
            Total Saved: 252.0
            Yearly Projection: 91980.0
             [in C:\WebDev\CTF\app.py:630]
2024-12-15 21:17:02,681 INFO: Cigarette Tracker startup [in C:\WebDev\CTF\app.py:38]
2024-12-15 21:17:02,708 INFO: Database initialized successfully [in C:\WebDev\CTF\app.py:46]
2024-12-15 21:17:02,711 INFO: Database tables created successfully [in C:\WebDev\CTF\app.py:55]
2024-12-15 21:17:02,796 INFO: 
            Stats for user test1@gmail.com:
            Cigarettes Avoided: 14
            Total Saved: 252.0
            Yearly Projection: 91980.0
             [in C:\WebDev\CTF\app.py:627]
2024-12-15 21:17:58,153 INFO: 
            Stats for user test1@gmail.com:
            Cigarettes Avoided: 14
            Total Saved: 252.0
            Yearly Projection: 91980.0
             [in C:\WebDev\CTF\app.py:627]
2024-12-15 21:19:11,196 INFO: 
            Stats for user test1@gmail.com:
            Cigarettes Avoided: 14
            Total Saved: 252.0
            Yearly Projection: 91980.0
             [in C:\WebDev\CTF\app.py:627]
2024-12-15 21:19:38,423 INFO: Cigarette Tracker startup [in C:\WebDev\CTF\app.py:38]
2024-12-15 21:19:38,454 INFO: Database initialized successfully [in C:\WebDev\CTF\app.py:46]
2024-12-15 21:19:38,457 INFO: Database tables created successfully [in C:\WebDev\CTF\app.py:55]
2024-12-15 21:19:38,542 INFO: 
            Stats for user test1@gmail.com:
            Total Target: 15
            Actually Not Smoked: 14
            Total Saved: 252.0
            Yearly Projection: 91980.0
             [in C:\WebDev\CTF\app.py:646]
